2025-06-11 12:57:54 8960 [Note] Plugin 'FEDERATED' is disabled.
2025-06-11 12:57:54 8960 [Note] InnoDB: Using atomics to ref count buffer pool pages
2025-06-11 12:57:54 8960 [Note] InnoDB: The InnoDB memory heap is disabled
2025-06-11 12:57:54 8960 [Note] InnoDB: Mutexes and rw_locks use Windows interlocked functions
2025-06-11 12:57:54 8960 [Note] InnoDB: Memory barrier is not used
2025-06-11 12:57:54 8960 [Note] InnoDB: Compressed tables use zlib 1.2.3
2025-06-11 12:57:54 8960 [Note] InnoDB: Not using CPU crc32 instructions
2025-06-11 12:57:54 8960 [Note] InnoDB: Initializing buffer pool, size = 128.0M
2025-06-11 12:57:54 8960 [Note] InnoDB: Completed initialization of buffer pool
2025-06-11 12:57:54 8960 [Note] InnoDB: The first specified data file .\ibdata1 did not exist: a new database to be created!
2025-06-11 12:57:54 8960 [Note] InnoDB: Setting file .\ibdata1 size to 12 MB
2025-06-11 12:57:54 8960 [Note] InnoDB: Database physically writes the file full: wait...
2025-06-11 12:57:54 8960 [Note] InnoDB: Setting log file .\ib_logfile101 size to 48 MB
2025-06-11 12:57:54 8960 [Note] InnoDB: Setting log file .\ib_logfile1 size to 48 MB
2025-06-11 12:57:54 8960 [Note] InnoDB: Renaming log file .\ib_logfile101 to .\ib_logfile0
2025-06-11 12:57:54 8960 [Warning] InnoDB: New log files created, LSN=45781
2025-06-11 12:57:54 8960 [Note] InnoDB: Doublewrite buffer not found: creating new
2025-06-11 12:57:54 8960 [Note] InnoDB: Doublewrite buffer created
2025-06-11 12:57:54 8960 [Note] InnoDB: 128 rollback segment(s) are active.
2025-06-11 12:57:54 8960 [Warning] InnoDB: Creating foreign key constraint system tables.
2025-06-11 12:57:54 8960 [Note] InnoDB: Foreign key constraint system tables created
2025-06-11 12:57:54 8960 [Note] InnoDB: Creating tablespace and datafile system tables.
2025-06-11 12:57:54 8960 [Note] InnoDB: Tablespace and datafile system tables created.
2025-06-11 12:57:54 8960 [Note] InnoDB: Waiting for purge to start
2025-06-11 12:57:55 8960 [Note] InnoDB: 5.6.20 started; log sequence number 0
2025-06-11 12:57:55 8960 [Note] Server hostname (bind-address): '*'; port: 3306
2025-06-11 12:57:55 8960 [Note] IPv6 is available.
2025-06-11 12:57:55 8960 [Note]   - '::' resolves to '::';
2025-06-11 12:57:55 8960 [Note] Server socket created on IP: '::'.
2025-06-11 12:57:55 8960 [Warning] InnoDB: Cannot open table mysql/slave_master_info from the internal data dictionary of InnoDB though the .frm file for the table exists. See http://dev.mysql.com/doc/refman/5.6/en/innodb-troubleshooting.html for how you can resolve the problem.
2025-06-11 12:57:55 8960 [Warning] Info table is not ready to be used. Table 'mysql.slave_master_info' cannot be opened.
2025-06-11 12:57:55 8960 [Warning] InnoDB: Cannot open table mysql/slave_worker_info from the internal data dictionary of InnoDB though the .frm file for the table exists. See http://dev.mysql.com/doc/refman/5.6/en/innodb-troubleshooting.html for how you can resolve the problem.
2025-06-11 12:57:55 8960 [Warning] InnoDB: Cannot open table mysql/slave_relay_log_info from the internal data dictionary of InnoDB though the .frm file for the table exists. See http://dev.mysql.com/doc/refman/5.6/en/innodb-troubleshooting.html for how you can resolve the problem.
2025-06-11 12:57:55 8960 [Warning] Info table is not ready to be used. Table 'mysql.slave_relay_log_info' cannot be opened.
2025-06-11 12:57:55 8960 [Note] Event Scheduler: Loaded 0 events
2025-06-11 12:57:55 8960 [Note] C:\Users\20220338\Desktop\cs 325\UwAmp_3.0.2\UwAmp\bin\database\mysql-5.6.20\bin\mysqld.exe: ready for connections.
Version: '5.6.20-log'  socket: ''  port: 3306  MySQL Community Server (GPL)
2025-06-11 13:57:47 8960 [Note] C:\Users\20220338\Desktop\cs 325\UwAmp_3.0.2\UwAmp\bin\database\mysql-5.6.20\bin\mysqld.exe: Normal shutdown

2025-06-11 13:57:47 8960 [Note] Giving 0 client threads a chance to die gracefully
2025-06-11 13:57:47 8960 [Note] Event Scheduler: Purging the queue. 0 events
2025-06-11 13:57:47 8960 [Note] Shutting down slave threads
2025-06-11 13:57:47 8960 [Note] Forcefully disconnecting 0 remaining clients
2025-06-11 13:57:47 8960 [Note] Binlog end
2025-06-11 13:57:47 8960 [Note] Shutting down plugin 'partition'
2025-06-11 13:57:47 8960 [Note] Shutting down plugin 'PERFORMANCE_SCHEMA'
2025-06-11 13:57:47 8960 [Note] Shutting down plugin 'INNODB_SYS_DATAFILES'
2025-06-11 13:57:47 8960 [Note] Shutting down plugin 'INNODB_SYS_TABLESPACES'
2025-06-11 13:57:47 8960 [Note] Shutting down plugin 'INNODB_SYS_FOREIGN_COLS'
2025-06-11 13:57:47 8960 [Note] Shutting down plugin 'INNODB_SYS_FOREIGN'
2025-06-11 13:57:47 8960 [Note] Shutting down plugin 'INNODB_SYS_FIELDS'
2025-06-11 13:57:47 8960 [Note] Shutting down plugin 'INNODB_SYS_COLUMNS'
2025-06-11 13:57:47 8960 [Note] Shutting down plugin 'INNODB_SYS_INDEXES'
2025-06-11 13:57:47 8960 [Note] Shutting down plugin 'INNODB_SYS_TABLESTATS'
2025-06-11 13:57:47 8960 [Note] Shutting down plugin 'INNODB_SYS_TABLES'
2025-06-11 13:57:47 8960 [Note] Shutting down plugin 'INNODB_FT_INDEX_TABLE'
2025-06-11 13:57:47 8960 [Note] Shutting down plugin 'INNODB_FT_INDEX_CACHE'
2025-06-11 13:57:47 8960 [Note] Shutting down plugin 'INNODB_FT_CONFIG'
2025-06-11 13:57:47 8960 [Note] Shutting down plugin 'INNODB_FT_BEING_DELETED'
2025-06-11 13:57:47 8960 [Note] Shutting down plugin 'INNODB_FT_DELETED'
2025-06-11 13:57:47 8960 [Note] Shutting down plugin 'INNODB_FT_DEFAULT_STOPWORD'
2025-06-11 13:57:47 8960 [Note] Shutting down plugin 'INNODB_METRICS'
2025-06-11 13:57:47 8960 [Note] Shutting down plugin 'INNODB_BUFFER_POOL_STATS'
2025-06-11 13:57:47 8960 [Note] Shutting down plugin 'INNODB_BUFFER_PAGE_LRU'
2025-06-11 13:57:47 8960 [Note] Shutting down plugin 'INNODB_BUFFER_PAGE'
2025-06-11 13:57:47 8960 [Note] Shutting down plugin 'INNODB_CMP_PER_INDEX_RESET'
2025-06-11 13:57:47 8960 [Note] Shutting down plugin 'INNODB_CMP_PER_INDEX'
2025-06-11 13:57:47 8960 [Note] Shutting down plugin 'INNODB_CMPMEM_RESET'
2025-06-11 13:57:47 8960 [Note] Shutting down plugin 'INNODB_CMPMEM'
2025-06-11 13:57:47 8960 [Note] Shutting down plugin 'INNODB_CMP_RESET'
2025-06-11 13:57:47 8960 [Note] Shutting down plugin 'INNODB_CMP'
2025-06-11 13:57:47 8960 [Note] Shutting down plugin 'INNODB_LOCK_WAITS'
2025-06-11 13:57:47 8960 [Note] Shutting down plugin 'INNODB_LOCKS'
2025-06-11 13:57:47 8960 [Note] Shutting down plugin 'INNODB_TRX'
2025-06-11 13:57:47 8960 [Note] Shutting down plugin 'InnoDB'
2025-06-11 13:57:47 8960 [Note] InnoDB: FTS optimize thread exiting.
2025-06-11 13:57:47 8960 [Note] InnoDB: Starting shutdown...
2025-06-11 13:57:49 8960 [Note] InnoDB: Shutdown completed; log sequence number 1600607
2025-06-11 13:57:49 8960 [Note] Shutting down plugin 'BLACKHOLE'
2025-06-11 13:57:49 8960 [Note] Shutting down plugin 'ARCHIVE'
2025-06-11 13:57:49 8960 [Note] Shutting down plugin 'MRG_MYISAM'
2025-06-11 13:57:49 8960 [Note] Shutting down plugin 'MyISAM'
2025-06-11 13:57:49 8960 [Note] Shutting down plugin 'MEMORY'
2025-06-11 13:57:49 8960 [Note] Shutting down plugin 'CSV'
2025-06-11 13:57:49 8960 [Note] Shutting down plugin 'sha256_password'
2025-06-11 13:57:49 8960 [Note] Shutting down plugin 'mysql_old_password'
2025-06-11 13:57:49 8960 [Note] Shutting down plugin 'mysql_native_password'
2025-06-11 13:57:49 8960 [Note] Shutting down plugin 'binlog'
2025-06-11 13:57:49 8960 [Note] C:\Users\20220338\Desktop\cs 325\UwAmp_3.0.2\UwAmp\bin\database\mysql-5.6.20\bin\mysqld.exe: Shutdown complete

