::1 - - [11/Jun/2025:12:57:58 +0300] "GET / HTTP/1.1" 200 1564
::1 - - [11/Jun/2025:12:57:58 +0300] "GET /?getimg=title HTTP/1.1" 200 6119
::1 - - [11/Jun/2025:12:57:58 +0300] "GET /?getimg=folder HTTP/1.1" 200 537
::1 - - [11/Jun/2025:12:57:58 +0300] "GET /?getimg=favicon HTTP/1.1" 200 5430
::1 - - [11/Jun/2025:12:58:01 +0300] "GET /mysql/ HTTP/1.1" 200 8563
::1 - - [11/Jun/2025:12:58:01 +0300] "GET /mysql/themes/pmahomme/jquery/jquery-ui-1.9.2.custom.css HTTP/1.1" 200 32278
::1 - - [11/Jun/2025:12:58:01 +0300] "GET /mysql/themes/pmahomme/img/logo_right.png HTTP/1.1" 200 4548
::1 - - [11/Jun/2025:12:58:01 +0300] "GET /mysql/themes/dot.gif HTTP/1.1" 200 43
::1 - - [11/Jun/2025:12:58:01 +0300] "GET /mysql/phpmyadmin.css.php?server=1&lang=en&collation_connection=utf8_general_ci&token=fb575fa6cb0e3289056cb0355d7d825a&nocache=4225016035ltr HTTP/1.1" 200 98150
::1 - - [11/Jun/2025:12:58:01 +0300] "GET /mysql/js/get_image.js.php?theme=pmahomme HTTP/1.1" 200 6435
::1 - - [11/Jun/2025:12:58:01 +0300] "GET /mysql/js/messages.php?lang=en&db=&collation_connection=utf8_general_ci&token=fb575fa6cb0e3289056cb0355d7d825a HTTP/1.1" 200 17826
::1 - - [11/Jun/2025:12:58:01 +0300] "GET /mysql/js/get_scripts.js.php?lang=en&collation_connection=utf8_general_ci&token=fb575fa6cb0e3289056cb0355d7d825a&scripts[]=jquery/jquery-1.8.3.min.js&scripts[]=ajax.js&scripts[]=keyhandler.js&scripts[]=jquery/jquery-ui-1.9.2.custom.min.js&scripts[]=jquery/jquery.sprintf.js&scripts[]=jquery/jquery.cookie.js&scripts[]=jquery/jquery.mousewheel.js&scripts[]=jquery/jquery.event.drag-2.2.js&scripts[]=jquery/jquery-ui-timepicker-addon.js&scripts[]=jquery/jquery.ba-hashchange-1.3.js&scripts[]=jquery/jquery.debounce-1.0.5.js&scripts[]=jquery/jquery.menuResizer-1.0.js&scripts[]=cross_framing_protection.js&scripts[]=rte.js&scripts[]=tracekit/tracekit.js&scripts[]=error_report.js&scripts[]=doclinks.js&scripts[]=functions.js&scripts[]=navigation.js&scripts[]=indexes.js&scripts[]=common.js&scripts[]=codemirror/lib/codemirror.js&scripts[]=codemirror/mode/sql/sql.js&scripts[]=codemirror/addon/runmode/runmode.js HTTP/1.1" 200 1046464
::1 - - [11/Jun/2025:12:58:01 +0300] "GET /mysql/themes/pmahomme/img/sprites.png HTTP/1.1" 200 42457
::1 - - [11/Jun/2025:12:58:02 +0300] "GET /mysql/favicon.ico HTTP/1.1" 200 18902
::1 - - [11/Jun/2025:12:58:04 +0300] "POST /mysql/index.php HTTP/1.1" 302 -
::1 - - [11/Jun/2025:12:58:04 +0300] "GET /mysql/index.php?token=fb575fa6cb0e3289056cb0355d7d825a HTTP/1.1" 200 8262
::1 - - [11/Jun/2025:12:58:04 +0300] "GET /mysql/js/get_scripts.js.php?token=fb575fa6cb0e3289056cb0355d7d825a&scripts[]=jquery/jquery-1.8.3.min.js&scripts[]=ajax.js&scripts[]=keyhandler.js&scripts[]=jquery/jquery-ui-1.9.2.custom.min.js&scripts[]=jquery/jquery.sprintf.js&scripts[]=jquery/jquery.cookie.js&scripts[]=jquery/jquery.mousewheel.js&scripts[]=jquery/jquery.event.drag-2.2.js&scripts[]=jquery/jquery-ui-timepicker-addon.js&scripts[]=jquery/jquery.ba-hashchange-1.3.js&scripts[]=jquery/jquery.debounce-1.0.5.js&scripts[]=jquery/jquery.menuResizer-1.0.js&scripts[]=cross_framing_protection.js&scripts[]=rte.js&scripts[]=tracekit/tracekit.js&scripts[]=error_report.js&scripts[]=doclinks.js&scripts[]=functions.js&scripts[]=navigation.js&scripts[]=indexes.js&scripts[]=common.js&scripts[]=codemirror/lib/codemirror.js&scripts[]=codemirror/mode/sql/sql.js&scripts[]=codemirror/addon/runmode/runmode.js HTTP/1.1" 200 1046464
::1 - - [11/Jun/2025:12:58:04 +0300] "GET /mysql/phpmyadmin.css.php?server=1&token=fb575fa6cb0e3289056cb0355d7d825a&nocache=4225016035ltr HTTP/1.1" 200 98150
::1 - - [11/Jun/2025:12:58:04 +0300] "GET /mysql/js/messages.php?lang=en&db=&token=fb575fa6cb0e3289056cb0355d7d825a HTTP/1.1" 200 17826
::1 - - [11/Jun/2025:12:58:07 +0300] "POST /mysql/index.php HTTP/1.1" 302 -
::1 - - [11/Jun/2025:12:58:07 +0300] "GET /mysql/index.php?token=fb575fa6cb0e3289056cb0355d7d825a HTTP/1.1" 200 45043
::1 - - [11/Jun/2025:12:58:07 +0300] "GET /mysql/themes/pmahomme/img/logo_left.png HTTP/1.1" 200 2327
::1 - - [11/Jun/2025:12:58:07 +0300] "GET /mysql/themes/pmahomme/img/ajax_clock_small.gif HTTP/1.1" 200 1810
::1 - - [11/Jun/2025:12:58:07 +0300] "GET /mysql/phpmyadmin.css.php?server=1&token=fb575fa6cb0e3289056cb0355d7d825a&nocache=5974651922ltr HTTP/1.1" 200 98150
::1 - - [11/Jun/2025:12:58:07 +0300] "GET /mysql/themes/pmahomme/img/left_nav_bg.png HTTP/1.1" 200 297
::1 - - [11/Jun/2025:12:58:07 +0300] "POST /mysql/db_structure.php?ajax_request=1&favorite_table=1&sync_favorite_tables=1&token=fb575fa6cb0e3289056cb0355d7d825a HTTP/1.1" 200 168
::1 - - [11/Jun/2025:12:58:07 +0300] "GET /mysql/version_check.php?&_nocache=174963588756615060 HTTP/1.1" 200 28
::1 - - [11/Jun/2025:12:58:11 +0300] "GET /mysql/server_import.php?db=&token=fb575fa6cb0e3289056cb0355d7d825a&ajax_request=true&ajax_page_request=true&menuHashes=7786ef0b&_nocache=1749635891447369724 HTTP/1.1" 200 15048
::1 - - [11/Jun/2025:12:58:11 +0300] "GET /mysql/js/get_scripts.js.php?scripts[]=import.js&token=fb575fa6cb0e3289056cb0355d7d825a&call_done=1 HTTP/1.1" 200 6145
::1 - - [11/Jun/2025:12:58:17 +0300] "POST /mysql/import.php HTTP/1.1" 200 12909
::1 - - [11/Jun/2025:12:59:56 +0300] "GET /mysql/server_import.php?db=&token=fb575fa6cb0e3289056cb0355d7d825a&ajax_request=true&ajax_page_request=true&_nocache=1749635996847889171 HTTP/1.1" 200 15048
::1 - - [11/Jun/2025:13:00:02 +0300] "POST /mysql/import.php HTTP/1.1" 200 13780
::1 - - [11/Jun/2025:13:02:36 +0300] "GET /mysql/server_import.php?db=&token=fb575fa6cb0e3289056cb0355d7d825a&ajax_request=true&ajax_page_request=true&_nocache=1749636156229171982 HTTP/1.1" 200 15048
::1 - - [11/Jun/2025:13:02:42 +0300] "POST /mysql/import.php HTTP/1.1" 200 13634
::1 - - [11/Jun/2025:13:03:53 +0300] "GET /mysql/server_import.php?db=&token=fb575fa6cb0e3289056cb0355d7d825a&ajax_request=true&ajax_page_request=true&_nocache=1749636233692226003 HTTP/1.1" 200 15048
::1 - - [11/Jun/2025:13:04:01 +0300] "POST /mysql/import.php HTTP/1.1" 200 13634
::1 - - [11/Jun/2025:13:04:27 +0300] "GET /mysql/server_import.php?db=&token=fb575fa6cb0e3289056cb0355d7d825a&ajax_request=true&ajax_page_request=true&_nocache=174963626799031834 HTTP/1.1" 200 15048
::1 - - [11/Jun/2025:13:04:33 +0300] "POST /mysql/import.php HTTP/1.1" 200 14231
::1 - - [11/Jun/2025:13:10:54 +0300] "GET /mysql/server_import.php?db=&token=fb575fa6cb0e3289056cb0355d7d825a&ajax_request=true&ajax_page_request=true&_nocache=1749636654127654378 HTTP/1.1" 200 15048
::1 - - [11/Jun/2025:13:10:59 +0300] "POST /mysql/import.php HTTP/1.1" 200 13948
::1 - - [11/Jun/2025:13:17:20 +0300] "GET /mysql/server_import.php?db=&token=fb575fa6cb0e3289056cb0355d7d825a&ajax_request=true&ajax_page_request=true&_nocache=17496370404937686 HTTP/1.1" 200 15048
::1 - - [11/Jun/2025:13:17:24 +0300] "POST /mysql/import.php HTTP/1.1" 200 14760
::1 - - [11/Jun/2025:13:22:07 +0300] "GET /mysql/server_import.php?db=&token=fb575fa6cb0e3289056cb0355d7d825a&ajax_request=true&ajax_page_request=true&_nocache=1749637327337905259 HTTP/1.1" 200 15048
::1 - - [11/Jun/2025:13:22:15 +0300] "POST /mysql/import.php HTTP/1.1" 200 13630
::1 - - [11/Jun/2025:13:23:22 +0300] "GET /mysql/server_import.php?db=&token=fb575fa6cb0e3289056cb0355d7d825a&ajax_request=true&ajax_page_request=true&_nocache=1749637402581731951 HTTP/1.1" 200 15048
::1 - - [11/Jun/2025:13:23:27 +0300] "POST /mysql/import.php HTTP/1.1" 200 25951
::1 - - [11/Jun/2025:13:23:31 +0300] "GET /mysql/navigation.php?ajax_request=1&token=fb575fa6cb0e3289056cb0355d7d825a&aPath=cm9vdA%3D%3D.ZmluYWw%3D&vPath=cm9vdA%3D%3D.ZmluYWw%3D&pos=0&pos2_name=&pos2_value=&searchClause=&searchClause2=&_nocache=174963741145715451 HTTP/1.1" 200 5930
::1 - - [11/Jun/2025:13:23:32 +0300] "GET /mysql/sql.php?server=1&db=final&table=assignments&pos=0&token=fb575fa6cb0e3289056cb0355d7d825a&ajax_request=true&ajax_page_request=true&_nocache=1749637412841697001 HTTP/1.1" 200 9562
::1 - - [11/Jun/2025:13:23:33 +0300] "GET /mysql/js/get_scripts.js.php?scripts[]=jquery/jquery.uitablefilter.js&scripts[]=tbl_change.js&scripts[]=gis_data_editor.js&scripts[]=multi_column_sort.js&token=fb575fa6cb0e3289056cb0355d7d825a&call_done=1 HTTP/1.1" 200 47691
::1 - - [11/Jun/2025:13:23:33 +0300] "GET /mysql/index.php?ajax_request=1&recent_table=1&token=fb575fa6cb0e3289056cb0355d7d825a HTTP/1.1" 200 189
::1 - - [11/Jun/2025:13:23:35 +0300] "GET /mysql/tbl_structure.php?db=final&table=assignments&token=fb575fa6cb0e3289056cb0355d7d825a&ajax_request=true&ajax_page_request=true&menuHashes=1083d9a8&_nocache=1749637415424747871 HTTP/1.1" 200 62144
::1 - - [11/Jun/2025:13:23:35 +0300] "GET /mysql/themes/pmahomme/img/arrow_ltr.png HTTP/1.1" 200 139
::1 - - [11/Jun/2025:13:23:35 +0300] "GET /mysql/js/get_scripts.js.php?scripts[]=tbl_structure.js&token=fb575fa6cb0e3289056cb0355d7d825a&call_done=1 HTTP/1.1" 200 22246
::1 - - [11/Jun/2025:13:23:35 +0300] "GET /mysql/index.php?ajax_request=1&recent_table=1&token=fb575fa6cb0e3289056cb0355d7d825a HTTP/1.1" 200 189
::1 - - [11/Jun/2025:13:24:16 +0300] "GET /mysql/tbl_import.php?db=final&table=assignments&token=fb575fa6cb0e3289056cb0355d7d825a&ajax_request=true&ajax_page_request=true&menuHashes=1083d9a8-46e42623&_nocache=1749637456875520584 HTTP/1.1" 200 17761
::1 - - [11/Jun/2025:13:24:17 +0300] "GET /mysql/index.php?ajax_request=1&recent_table=1&token=fb575fa6cb0e3289056cb0355d7d825a HTTP/1.1" 200 189
::1 - - [11/Jun/2025:13:24:23 +0300] "POST /mysql/import.php HTTP/1.1" 200 15492
::1 - - [11/Jun/2025:13:24:23 +0300] "GET /mysql/js/messages.php?lang=en&db=final&token=fb575fa6cb0e3289056cb0355d7d825a HTTP/1.1" 200 17826
::1 - - [11/Jun/2025:13:24:23 +0300] "GET /mysql/navigation.php?ajax_request=1&token=fb575fa6cb0e3289056cb0355d7d825a&aPath=cm9vdA%3D%3D.ZmluYWw%3D&vPath=cm9vdA%3D%3D.ZmluYWw%3D&pos=0&pos2_name=&pos2_value=&searchClause=&searchClause2=&_nocache=1749637463533999462 HTTP/1.1" 200 2406
::1 - - [11/Jun/2025:13:24:23 +0300] "GET /mysql/index.php?ajax_request=1&recent_table=1&token=fb575fa6cb0e3289056cb0355d7d825a HTTP/1.1" 200 189
::1 - - [11/Jun/2025:13:25:44 +0300] "GET /mysql/tbl_import.php?db=final&table=assignments&token=fb575fa6cb0e3289056cb0355d7d825a&ajax_request=true&ajax_page_request=true&_nocache=1749637544724168554 HTTP/1.1" 200 17761
::1 - - [11/Jun/2025:13:25:44 +0300] "GET /mysql/index.php?ajax_request=1&recent_table=1&token=fb575fa6cb0e3289056cb0355d7d825a HTTP/1.1" 200 189
::1 - - [11/Jun/2025:13:25:49 +0300] "POST /mysql/import.php HTTP/1.1" 200 14420
::1 - - [11/Jun/2025:13:25:49 +0300] "GET /mysql/navigation.php?ajax_request=1&token=fb575fa6cb0e3289056cb0355d7d825a&aPath=cm9vdA%3D%3D.ZmluYWw%3D&vPath=cm9vdA%3D%3D.ZmluYWw%3D&pos=0&pos2_name=&pos2_value=&searchClause=&searchClause2=&_nocache=1749637549729240374 HTTP/1.1" 200 5930
::1 - - [11/Jun/2025:13:25:49 +0300] "GET /mysql/index.php?ajax_request=1&recent_table=1&token=fb575fa6cb0e3289056cb0355d7d825a HTTP/1.1" 200 189
::1 - - [11/Jun/2025:13:27:33 +0300] "GET /mysql/tbl_import.php?db=final&table=assignments&token=fb575fa6cb0e3289056cb0355d7d825a&ajax_request=true&ajax_page_request=true&_nocache=1749637653754583784 HTTP/1.1" 200 17761
::1 - - [11/Jun/2025:13:27:33 +0300] "GET /mysql/index.php?ajax_request=1&recent_table=1&token=fb575fa6cb0e3289056cb0355d7d825a HTTP/1.1" 200 189
::1 - - [11/Jun/2025:13:27:38 +0300] "POST /mysql/import.php HTTP/1.1" 200 14420
::1 - - [11/Jun/2025:13:27:39 +0300] "GET /mysql/navigation.php?ajax_request=1&token=fb575fa6cb0e3289056cb0355d7d825a&aPath=cm9vdA%3D%3D.ZmluYWw%3D&vPath=cm9vdA%3D%3D.ZmluYWw%3D&pos=0&pos2_name=&pos2_value=&searchClause=&searchClause2=&_nocache=1749637659160120801 HTTP/1.1" 200 5930
::1 - - [11/Jun/2025:13:27:39 +0300] "GET /mysql/index.php?ajax_request=1&recent_table=1&token=fb575fa6cb0e3289056cb0355d7d825a HTTP/1.1" 200 189
::1 - - [11/Jun/2025:13:27:53 +0300] "GET /mysql/sql.php?server=1&db=final&table=assignments&pos=0&token=fb575fa6cb0e3289056cb0355d7d825a&ajax_request=true&ajax_page_request=true&_nocache=1749637673475144608 HTTP/1.1" 200 112761
::1 - - [11/Jun/2025:13:27:53 +0300] "GET /mysql/themes/pmahomme/img/s_fulltext.png HTTP/1.1" 200 193
::1 - - [11/Jun/2025:13:27:53 +0300] "GET /mysql/js/get_scripts.js.php?scripts[]=jquery/jquery.uitablefilter.js&scripts[]=tbl_change.js&scripts[]=gis_data_editor.js&scripts[]=multi_column_sort.js&scripts[]=makegrid.js&scripts[]=sql.js&token=fb575fa6cb0e3289056cb0355d7d825a&call_done=1 HTTP/1.1" 200 151005
::1 - - [11/Jun/2025:13:27:53 +0300] "GET /mysql/themes/pmahomme/img/col_pointer.png HTTP/1.1" 200 113
::1 - - [11/Jun/2025:13:27:53 +0300] "GET /mysql/themes/pmahomme/img/col_drop.png HTTP/1.1" 200 132
::1 - - [11/Jun/2025:13:27:53 +0300] "GET /mysql/index.php?ajax_request=1&recent_table=1&token=fb575fa6cb0e3289056cb0355d7d825a HTTP/1.1" 200 189
::1 - - [11/Jun/2025:13:27:57 +0300] "GET /mysql/sql.php?server=1&db=final&table=customers&pos=0&token=fb575fa6cb0e3289056cb0355d7d825a&ajax_request=true&ajax_page_request=true&menuHashes=1083d9a8&_nocache=1749637677473473706 HTTP/1.1" 200 110428
::1 - - [11/Jun/2025:13:27:57 +0300] "GET /mysql/index.php?ajax_request=1&recent_table=1&token=fb575fa6cb0e3289056cb0355d7d825a HTTP/1.1" 200 335
::1 - - [11/Jun/2025:13:27:58 +0300] "GET /mysql/sql.php?server=1&db=final&table=employees&pos=0&token=fb575fa6cb0e3289056cb0355d7d825a&ajax_request=true&ajax_page_request=true&menuHashes=1083d9a8-f108416b&_nocache=1749637678731145911 HTTP/1.1" 200 107321
::1 - - [11/Jun/2025:13:27:59 +0300] "GET /mysql/index.php?ajax_request=1&recent_table=1&token=fb575fa6cb0e3289056cb0355d7d825a HTTP/1.1" 200 481
::1 - - [11/Jun/2025:13:28:17 +0300] "GET /mysql/server_databases.php?server=1&token=fb575fa6cb0e3289056cb0355d7d825a&ajax_request=true&ajax_page_request=true&menuHashes=1083d9a8-f108416b-5cc2a215&_nocache=1749637697235795937 HTTP/1.1" 200 37366
::1 - - [11/Jun/2025:13:28:17 +0300] "GET /mysql/js/get_scripts.js.php?scripts[]=server_databases.js&token=fb575fa6cb0e3289056cb0355d7d825a&call_done=1 HTTP/1.1" 200 4719
::1 - - [11/Jun/2025:13:28:18 +0300] "GET /mysql/server_databases.php?db=&token=fb575fa6cb0e3289056cb0355d7d825a&ajax_request=true&ajax_page_request=true&menuHashes=1083d9a8-f108416b-5cc2a215-6aacaef3&_nocache=1749637698592507014 HTTP/1.1" 200 34368
::1 - - [11/Jun/2025:13:28:19 +0300] "GET /mysql/sql.php?server=1&db=final&table=assignments&pos=0&token=fb575fa6cb0e3289056cb0355d7d825a&ajax_request=true&ajax_page_request=true&menuHashes=1083d9a8-f108416b-5cc2a215-6aacaef3&_nocache=1749637699657541381 HTTP/1.1" 200 109357
::1 - - [11/Jun/2025:13:28:20 +0300] "GET /mysql/index.php?ajax_request=1&recent_table=1&token=fb575fa6cb0e3289056cb0355d7d825a HTTP/1.1" 200 481
::1 - - [11/Jun/2025:13:28:21 +0300] "GET /mysql/tbl_export.php?db=final&table=assignments&token=fb575fa6cb0e3289056cb0355d7d825a&single_table=true&ajax_request=true&ajax_page_request=true&menuHashes=1083d9a8-f108416b-5cc2a215-6aacaef3&_nocache=174963770115259080 HTTP/1.1" 200 37475
::1 - - [11/Jun/2025:13:28:21 +0300] "GET /mysql/js/get_scripts.js.php?scripts[]=export.js&token=fb575fa6cb0e3289056cb0355d7d825a&call_done=1 HTTP/1.1" 200 10222
::1 - - [11/Jun/2025:13:28:21 +0300] "GET /mysql/index.php?ajax_request=1&recent_table=1&token=fb575fa6cb0e3289056cb0355d7d825a HTTP/1.1" 200 481
::1 - - [11/Jun/2025:13:28:21 +0300] "GET /mysql/tbl_import.php?db=final&table=assignments&token=fb575fa6cb0e3289056cb0355d7d825a&ajax_request=true&ajax_page_request=true&menuHashes=1083d9a8-f108416b-5cc2a215-6aacaef3-b73e6df1&_nocache=1749637701593353271 HTTP/1.1" 200 17761
::1 - - [11/Jun/2025:13:28:21 +0300] "GET /mysql/index.php?ajax_request=1&recent_table=1&token=fb575fa6cb0e3289056cb0355d7d825a HTTP/1.1" 200 481
::1 - - [11/Jun/2025:13:28:23 +0300] "GET /mysql/sql.php?db=final&table=assignments&token=fb575fa6cb0e3289056cb0355d7d825a&pos=0&ajax_request=true&ajax_page_request=true&menuHashes=1083d9a8-f108416b-5cc2a215-6aacaef3-b73e6df1-5245e6fd&_nocache=1749637703154911926 HTTP/1.1" 200 109355
::1 - - [11/Jun/2025:13:28:23 +0300] "GET /mysql/index.php?ajax_request=1&recent_table=1&token=fb575fa6cb0e3289056cb0355d7d825a HTTP/1.1" 200 481
::1 - - [11/Jun/2025:13:28:24 +0300] "GET /mysql/tbl_structure.php?db=final&table=assignments&token=fb575fa6cb0e3289056cb0355d7d825a&ajax_request=true&ajax_page_request=true&menuHashes=1083d9a8-f108416b-5cc2a215-6aacaef3-b73e6df1-5245e6fd&_nocache=1749637704372190124 HTTP/1.1" 200 62516
::1 - - [11/Jun/2025:13:28:24 +0300] "GET /mysql/index.php?ajax_request=1&recent_table=1&token=fb575fa6cb0e3289056cb0355d7d825a HTTP/1.1" 200 481
::1 - - [11/Jun/2025:13:28:31 +0300] "GET /mysql/sql.php?db=final&table=assignments&token=fb575fa6cb0e3289056cb0355d7d825a&pos=0&ajax_request=true&ajax_page_request=true&menuHashes=1083d9a8-f108416b-5cc2a215-6aacaef3-b73e6df1-5245e6fd-46e42623&_nocache=1749637711328959809 HTTP/1.1" 200 109355
::1 - - [11/Jun/2025:13:28:31 +0300] "GET /mysql/index.php?ajax_request=1&recent_table=1&token=fb575fa6cb0e3289056cb0355d7d825a HTTP/1.1" 200 481
::1 - - [11/Jun/2025:13:37:55 +0300] "GET /mysql/tbl_import.php?db=final&table=assignments&token=fb575fa6cb0e3289056cb0355d7d825a&ajax_request=true&ajax_page_request=true&menuHashes=1083d9a8-f108416b-5cc2a215-6aacaef3-b73e6df1-5245e6fd-46e42623&_nocache=1749638275404615935 HTTP/1.1" 200 14357
::1 - - [11/Jun/2025:13:37:55 +0300] "GET /mysql/index.php?ajax_request=1&recent_table=1&token=fb575fa6cb0e3289056cb0355d7d825a HTTP/1.1" 200 481
::1 - - [11/Jun/2025:13:38:04 +0300] "POST /mysql/import.php HTTP/1.1" 200 21064
::1 - - [11/Jun/2025:13:38:05 +0300] "GET /mysql/navigation.php?ajax_request=1&token=fb575fa6cb0e3289056cb0355d7d825a&aPath=cm9vdA%3D%3D.ZmluYWw%3D&vPath=cm9vdA%3D%3D.ZmluYWw%3D.&pos=0&pos2_name=&pos2_value=&searchClause=&searchClause2=&_nocache=1749638285138177935 HTTP/1.1" 200 5936
::1 - - [11/Jun/2025:13:38:05 +0300] "GET /mysql/index.php?ajax_request=1&recent_table=1&token=fb575fa6cb0e3289056cb0355d7d825a HTTP/1.1" 200 481
::1 - - [11/Jun/2025:13:38:10 +0300] "GET /mysql/db_structure.php?server=1&db=final_project&token=fb575fa6cb0e3289056cb0355d7d825a&ajax_request=true&ajax_page_request=true&_nocache=1749638290179988109 HTTP/1.1" 200 13135
::1 - - [11/Jun/2025:13:38:10 +0300] "GET /mysql/js/get_scripts.js.php?scripts[]=db_structure.js&scripts[]=tbl_change.js&token=fb575fa6cb0e3289056cb0355d7d825a&call_done=1 HTTP/1.1" 200 42809
::1 - - [11/Jun/2025:13:38:10 +0300] "GET /mysql/navigation.php?ajax_request=1&token=fb575fa6cb0e3289056cb0355d7d825a&aPath=cm9vdA%3D%3D.ZmluYWxfcHJvamVjdA%3D%3D&vPath=cm9vdA%3D%3D.ZmluYWw%3D.cHJvamVjdA%3D%3D&pos=0&pos2_name=&pos2_value=&searchClause=&searchClause2=&_nocache=1749638290321154630 HTTP/1.1" 200 1538
::1 - - [11/Jun/2025:13:38:11 +0300] "GET /mysql/sql.php?server=1&db=final_project&table=users&pos=0&token=fb575fa6cb0e3289056cb0355d7d825a&ajax_request=true&ajax_page_request=true&menuHashes=5d07b558&_nocache=1749638291859983987 HTTP/1.1" 200 35335
::1 - - [11/Jun/2025:13:38:12 +0300] "GET /mysql/js/get_scripts.js.php?scripts[]=jquery/jquery.uitablefilter.js&scripts[]=gis_data_editor.js&scripts[]=multi_column_sort.js&scripts[]=makegrid.js&scripts[]=sql.js&token=fb575fa6cb0e3289056cb0355d7d825a&call_done=1 HTTP/1.1" 200 123566
::1 - - [11/Jun/2025:13:38:12 +0300] "GET /mysql/index.php?ajax_request=1&recent_table=1&token=fb575fa6cb0e3289056cb0355d7d825a HTTP/1.1" 200 635
